<?xml version="1.0" encoding="UTF-8"?>
<testsuite xmlns:xsi="http://www.w3.org/2001/XMLSchema-instance" xsi:noNamespaceSchemaLocation="https://maven.apache.org/surefire/maven-surefire-plugin/xsd/surefire-test-report-3.0.xsd" version="3.0" name="cucumber.Options.TestRunner" time="6.176" tests="1" errors="0" skipped="0" failures="0">
  <properties>
[...]
</properties>
  <testcase name="Verify if delete place functionality is working" classname="Validating Place API" time="5.728">
    <system-out><![CDATA[https://rahulshettyacademy.com
/maps/api/place/add/json
71b689e48312589762de04a382e16b08
/maps/api/place/get/json
Shetty
/maps/api/place/delete/json
OK
]]></system-out>
  </testcase>
</testsuite>